Build started 24.06.2013 17:04:34.
Project "d:\BigInteger\BigInteger\BigInteger.vcxproj" on node 2 (Build target(s)).
ClCompile:
  C:\Program Files\Microsoft Visual Studio 11.0\VC\bin\CL.exe /c /ZI /nologo /W3 /WX- /Od /Oy- /D WIN32 /D _DEBUG /D _CONSOLE /D _UNICODE /D UNICODE /Gm /EHsc /RTC1 /MDd /GS /fp:precise /Zc:wchar_t /Zc:forScope /Fo"Debug\\" /Fd"Debug\vc110.pdb" /Gd /TP /analyze- /errorReport:prompt BigInteger.cpp
  BigInteger.cpp
d:\biginteger\biginteger\biginteger.cpp(426): warning C4099: 'std::pair<_Ty1,_Ty2>' : type name first seen using 'struct' now seen using 'class'
          with
          [
              _Ty1=BigInteger,
              _Ty2=BigInteger
          ]
d:\biginteger\biginteger\biginteger.cpp(125): warning C4996: 'sprintf': This function or variable may be unsafe. Consider using sprintf_s instead. To disable deprecation, use _CRT_SECURE_NO_WARNINGS. See online help for details.
          c:\program files\microsoft visual studio 11.0\vc\include\stdio.h(357) : see declaration of 'sprintf'
d:\biginteger\biginteger\biginteger.cpp(130): warning C4996: 'sprintf': This function or variable may be unsafe. Consider using sprintf_s instead. To disable deprecation, use _CRT_SECURE_NO_WARNINGS. See online help for details.
          c:\program files\microsoft visual studio 11.0\vc\include\stdio.h(357) : see declaration of 'sprintf'
Link:
  C:\Program Files\Microsoft Visual Studio 11.0\VC\bin\link.exe /ERRORREPORT:PROMPT /OUT:"d:\BigInteger\Debug\BigInteger.exe" /INCREMENTAL /NOLOGO kernel32.lib user32.lib gdi32.lib winspool.lib comdlg32.lib advapi32.lib shell32.lib ole32.lib oleaut32.lib uuid.lib odbc32.lib odbccp32.lib /MANIFEST /MANIFESTUAC:"level='asInvoker' uiAccess='false'" /manifest:embed /DEBUG /PDB:"d:\BigInteger\Debug\BigInteger.pdb" /SUBSYSTEM:CONSOLE /TLBID:1 /DYNAMICBASE /NXCOMPAT /IMPLIB:"d:\BigInteger\Debug\BigInteger.lib" /MACHINE:X86 Debug\BigInteger.obj
  BigInteger.vcxproj -> d:\BigInteger\Debug\BigInteger.exe
Done Building Project "d:\BigInteger\BigInteger\BigInteger.vcxproj" (Build target(s)).

Build succeeded.

Time Elapsed 00:00:06.41
