D:\BIGINTEGER\BIGINTEGER\DEBUG\BIGINTEGER.OBJ
D:\BIGINTEGER\BIGINTEGER\DEBUG\VC110.PDB
D:\BIGINTEGER\DEBUG\BIGINTEGER.ILK
D:\BIGINTEGER\DEBUG\BIGINTEGER.EXE
D:\BIGINTEGER\DEBUG\BIGINTEGER.PDB
d:\BigInteger\BigInteger\Debug\BigInteger.obj
d:\BigInteger\BigInteger\Debug\cl.command.1.tlog
d:\BigInteger\BigInteger\Debug\CL.read.1.tlog
d:\BigInteger\BigInteger\Debug\CL.write.1.tlog
d:\BigInteger\BigInteger\Debug\link-cvtres.read.1.tlog
d:\BigInteger\BigInteger\Debug\link-cvtres.write.1.tlog
d:\BigInteger\BigInteger\Debug\link-rc.read.1.tlog
d:\BigInteger\BigInteger\Debug\link-rc.write.1.tlog
d:\BigInteger\BigInteger\Debug\link.2368-cvtres.read.1.tlog
d:\BigInteger\BigInteger\Debug\link.2368-cvtres.write.1.tlog
d:\BigInteger\BigInteger\Debug\link.2368-rc.read.1.tlog
d:\BigInteger\BigInteger\Debug\link.2368-rc.write.1.tlog
d:\BigInteger\BigInteger\Debug\link.2368.read.1.tlog
d:\BigInteger\BigInteger\Debug\link.2368.write.1.tlog
d:\BigInteger\BigInteger\Debug\link.4520-cvtres.read.1.tlog
d:\BigInteger\BigInteger\Debug\link.4520-cvtres.write.1.tlog
d:\BigInteger\BigInteger\Debug\link.4520-rc.read.1.tlog
d:\BigInteger\BigInteger\Debug\link.4520-rc.write.1.tlog
d:\BigInteger\BigInteger\Debug\link.4520.read.1.tlog
d:\BigInteger\BigInteger\Debug\link.4520.write.1.tlog
d:\BigInteger\BigInteger\Debug\link.5448-cvtres.read.1.tlog
d:\BigInteger\BigInteger\Debug\link.5448-cvtres.write.1.tlog
d:\BigInteger\BigInteger\Debug\link.5448-rc.read.1.tlog
d:\BigInteger\BigInteger\Debug\link.5448-rc.write.1.tlog
d:\BigInteger\BigInteger\Debug\link.5448.read.1.tlog
d:\BigInteger\BigInteger\Debug\link.5448.write.1.tlog
d:\BigInteger\BigInteger\Debug\link.command.1.tlog
d:\BigInteger\BigInteger\Debug\link.read.1.tlog
d:\BigInteger\BigInteger\Debug\link.write.1.tlog
d:\BigInteger\BigInteger\Debug\vc110.idb
d:\BigInteger\BigInteger\Debug\vc110.pdb
d:\BigInteger\Debug\BigInteger.pdb
d:\BigInteger\Debug\BigInteger.exe
d:\BigInteger\Debug\BigInteger.ilk
